*******DDL changelog*******

##přejmenovány vazební tabulky podle formátu R_TAB1_TAB2
##používané datové typy jsou: Char pro bool, 
                              Number(16,2) a (8,2) pro atributy
                              Number(32) pro PK
                              Float(32) pro reálná čísla
                              Nvarchar pro texty
                              Date pro datumy

--Účet

Platba_kartou – změna na byte, jedná se o ano/ne atribut, not null
Datum_vytvoreni – not null 
sleva - 128b > 64b
mena - délka změněna na 3 (stačí evidovat kód měny)
----------------------------------------------------------------------------
--Rezervace

cas - změněn na cas_zahajeni(not null) a cas_ukonceni(null)
jmeno - not null
----------------------------------------------------------------------------
--Stul

cislo_stolu - změněno z number na nvarchar(5) (not null). Pro větší restaurace, aby šlo stoly třídit podle oddělení nebo pater (např. A5, 2.6 atd.). 
----------------------------------------------------------------------------
--Stav_polozky

datum - přejmenováno na cas_vytvoreni (not null) (lépe reflektuje podstatu entity) 
stav - nvarchar(10) (null)
----------------------------------------------------------------------------
--Polozka_menu

cena - float(32) (not null)
stav - varchar2 -> nvarchar
----------------------------------------------------------------------------
--Menu

jazyk - varchar2 -> nvarchar
----------------------------------------------------------------------------
--Surovina

nazev - varchar2 -> nvarchar
----------------------------------------------------------------------------
--Typ

nazev - varchar2 -> nvarchar
----------------------------------------------------------------------------
--Alergen

nazev - varchar2 -> nvarchar (not null)
popis - varchar2 -> nvarchar
alergenID - number(32)
----------------------------------------------------------------------------
--Objednavka

Datum_vytvoreni - (not null)
cena - float(64)
----------------------------------------------------------------------------
--Objednavka

všude varchar2 -> nvarchar
nazev - (not null)
----------------------------------------------------------------------------